#
# A fatal error has been detected by the Java Runtime Environment:
#
#  EXCEPTION_ACCESS_VIOLATION (0xc0000005) at pc=0x0000000064d7193d, pid=5680, tid=7320
#
# JRE version: 7.0_17-b02
# Java VM: Java HotSpot(TM) 64-Bit Server VM (23.7-b01 mixed mode windows-amd64 compressed oops)
# Problematic frame:
# C  [jfxwebkit.dll+0x41193d]  Java_com_sun_webpane_webkit_network_URLLoader_twkDidReceiveResponse+0x3d86d
#
# Failed to write core dump. Minidumps are not enabled by default on client versions of Windows
#
# If you would like to submit a bug report, please visit:
#   http://bugreport.sun.com/bugreport/crash.jsp
# The crash happened outside the Java Virtual Machine in native code.
# See problematic frame for where to report the bug.
#

---------------  T H R E A D  ---------------

Current thread (0x000000000a775000):  JavaThread "JavaFX Application Thread" [_thread_in_native, id=7320, stack(0x000000000b050000,0x000000000b150000)]

siginfo: ExceptionCode=0xc0000005, reading address 0x00000000000001aa

Registers:
RAX=0x0000000000000000, RBX=0x000000000d3afd90, RCX=0x00000000000000a1, RDX=0x000000000d587a90
RSP=0x000000000b14c410, RBP=0x000000000d3afd90, RSI=0x000000000d3afba8, RDI=0x0000000000000001
R8 =0x0000000000000213, R9 =0x0000000000000000, R10=0x000000000b14c428, R11=0x0000000000000002
R12=0x000000000000000a, R13=0x000000000000000a, R14=0x0000000000000001, R15=0x000000000b14c4f0
RIP=0x0000000064d7193d, EFLAGS=0x0000000000010246

Top of Stack: (sp=0x000000000b14c410)
0x000000000b14c410:   000000000d3afd90 000000000d3afd90
0x000000000b14c420:   000000000d3afba8 0000000000000000
0x000000000b14c430:   0000000000000000 000000000000000a
0x000000000b14c440:   000102000000000a 0000000010d9a3a0
0x000000000b14c450:   0000000a00000005 0000009400000204
0x000000000b14c460:   000000000b14c5a0 0000000000000000
0x000000000b14c470:   0000000000000000 0000000000000011
0x000000000b14c480:   000000000d3afba8 0000000010d9a3a0
0x000000000b14c490:   000000000d3affe0 0000000064d7286d
0x000000000b14c4a0:   0001020000000001 0000000000000000
0x000000000b14c4b0:   000000000b14c400 000000000d3afd90
0x000000000b14c4c0:   000000000b14c5a0 0000000000000000
0x000000000b14c4d0:   000000000000000a 0000000000000300
0x000000000b14c4e0:   0000000000000600 0000000000000000
0x000000000b14c4f0:   000000050b14c401 0000000000000000
0x000000000b14c500:   0000000d00000042 0000000000000000 

Instructions: (pc=0x0000000064d7193d)
0x0000000064d7191d:   42 54 c1 e8 0d 83 e0 03 74 0a 83 f8 03 74 05 89
0x0000000064d7192d:   4e 48 eb 03 89 4e 4c 48 8b 44 24 38 48 8b 40 28
0x0000000064d7193d:   0f b6 88 aa 01 00 00 80 e1 03 80 f9 01 0f 85 81
0x0000000064d7194d:   00 00 00 8b 42 54 c1 e8 0d 83 e0 03 74 0a 83 f8 


Register to memory mapping:

RAX=0x0000000000000000 is an unknown value
RBX=0x000000000d3afd90 is an unknown value
RCX=0x00000000000000a1 is an unknown value
RDX=0x000000000d587a90 is an unknown value
RSP=0x000000000b14c410 is pointing into the stack for thread: 0x000000000a775000
RBP=0x000000000d3afd90 is an unknown value
RSI=0x000000000d3afba8 is an unknown value
RDI=0x0000000000000001 is an unknown value
R8 =0x0000000000000213 is an unknown value
R9 =0x0000000000000000 is an unknown value
R10=0x000000000b14c428 is pointing into the stack for thread: 0x000000000a775000
R11=0x0000000000000002 is an unknown value
R12=0x000000000000000a is an unknown value
R13=0x000000000000000a is an unknown value
R14=0x0000000000000001 is an unknown value
R15=0x000000000b14c4f0 is pointing into the stack for thread: 0x000000000a775000


Stack: [0x000000000b050000,0x000000000b150000],  sp=0x000000000b14c410,  free space=1009k
Native frames: (J=compiled Java code, j=interpreted, Vv=VM code, C=native code)
C  [jfxwebkit.dll+0x41193d]  Java_com_sun_webpane_webkit_network_URLLoader_twkDidReceiveResponse+0x3d86d

Java frames: (J=compiled Java code, j=interpreted, Vv=VM code)
j  com.sun.webpane.platform.WebPage.twkProcessMouseEvent(JIIIIIIIZZZZZF)Z+0
j  com.sun.webpane.platform.WebPage.dispatchMouseEvent(Lcom/sun/webpane/platform/event/WCMouseEvent;)Z+134
j  javafx.scene.web.WebView.processMouseEvent(Ljavafx/scene/input/MouseEvent;)V+111
j  javafx.scene.web.WebView.access$2600(Ljavafx/scene/web/WebView;Ljavafx/scene/input/MouseEvent;)V+2
j  javafx.scene.web.WebView$14.handle(Ljavafx/scene/input/MouseEvent;)V+5
j  javafx.scene.web.WebView$14.handle(Ljavafx/event/Event;)V+5
j  com.sun.javafx.event.CompositeEventHandler.dispatchBubblingEvent(Ljavafx/event/Event;)V+42
j  com.sun.javafx.event.EventHandlerManager.dispatchBubblingEvent(Ljavafx/event/EventType;Ljavafx/event/Event;)Ljavafx/event/Event;+29
j  com.sun.javafx.event.EventHandlerManager.dispatchBubblingEvent(Ljavafx/event/Event;)Ljavafx/event/Event;+8
j  com.sun.javafx.event.CompositeEventDispatcher.dispatchBubblingEvent(Ljavafx/event/Event;)Ljavafx/event/Event;+11
j  com.sun.javafx.event.BasicEventDispatcher.dispatchEvent(Ljavafx/event/Event;Ljavafx/event/EventDispatchChain;)Ljavafx/event/Event;+29
j  com.sun.javafx.event.EventDispatchChainImpl.dispatchEvent(Ljavafx/event/Event;)Ljavafx/event/Event;+69
j  com.sun.javafx.event.BasicEventDispatcher.dispatchEvent(Ljavafx/event/Event;Ljavafx/event/EventDispatchChain;)Ljavafx/event/Event;+17
j  com.sun.javafx.event.EventDispatchChainImpl.dispatchEvent(Ljavafx/event/Event;)Ljavafx/event/Event;+69
j  com.sun.javafx.event.EventUtil.fireEventImpl(Ljavafx/event/EventDispatchChain;Ljavafx/event/EventTarget;Ljavafx/event/Event;)Ljavafx/event/Event;+10
j  com.sun.javafx.event.EventUtil.fireEvent(Ljavafx/event/EventTarget;Ljavafx/event/Event;)Ljavafx/event/Event;+46
j  javafx.event.Event.fireEvent(Ljavafx/event/EventTarget;Ljavafx/event/Event;)V+30
j  javafx.scene.Scene$MouseHandler.process(Ljavafx/scene/input/MouseEvent;Z)V+405
j  javafx.scene.Scene$MouseHandler.process(Ljavafx/scene/input/MouseEvent;)V+3
j  javafx.scene.Scene$MouseHandler.access$1900(Ljavafx/scene/Scene$MouseHandler;Ljavafx/scene/input/MouseEvent;)V+2
j  javafx.scene.Scene.impl_processMouseEvent(Ljavafx/scene/input/MouseEvent;)V+16
j  javafx.scene.Scene$ScenePeerListener.mouseEvent(Ljava/lang/Object;)V+11
j  com.sun.javafx.tk.quantum.GlassViewEventHandler$MouseEventNotification.run()Ljava/lang/Void;+329
j  com.sun.javafx.tk.quantum.GlassViewEventHandler$MouseEventNotification.run()Ljava/lang/Object;+1
v  ~StubRoutines::call_stub
j  java.security.AccessController.doPrivileged(Ljava/security/PrivilegedAction;Ljava/security/AccessControlContext;)Ljava/lang/Object;+0
j  com.sun.javafx.tk.quantum.GlassViewEventHandler.handleMouseEvent(Lcom/sun/glass/ui/View;JIIIIIIIIZZ)V+117
j  com.sun.glass.ui.View.handleMouseEvent(JIIIIIIIIZZ)V+38
j  com.sun.glass.ui.View.notifyMouse(IIIIIIIZZ)V+184
v  ~StubRoutines::call_stub
j  com.sun.glass.ui.win.WinApplication._runLoop([Ljava/lang/String;Lcom/sun/glass/ui/Launchable;)V+0
j  com.sun.glass.ui.win.WinApplication.access$100(Lcom/sun/glass/ui/win/WinApplication;[Ljava/lang/String;Lcom/sun/glass/ui/Launchable;)V+3
j  com.sun.glass.ui.win.WinApplication$3$1.run()V+32
j  java.lang.Thread.run()V+11
v  ~StubRoutines::call_stub

---------------  P R O C E S S  ---------------

Java Threads: ( => current thread )
  0x000000000cf63000 JavaThread "URL-Loader-13" daemon [_thread_blocked, id=5484, stack(0x0000000012ae0000,0x0000000012be0000)]
  0x000000000cf60000 JavaThread "URL-Loader-12" daemon [_thread_blocked, id=7796, stack(0x0000000011f50000,0x0000000012050000)]
  0x000000000ce82000 JavaThread "Disposer" daemon [_thread_blocked, id=5932, stack(0x000000000ea70000,0x000000000eb70000)]
  0x000000000d43a800 JavaThread "Prism Font Disposer" daemon [_thread_blocked, id=4888, stack(0x000000000e7a0000,0x000000000e8a0000)]
  0x000000000a877000 JavaThread "Thread-2" daemon [_thread_in_native, id=7308, stack(0x000000000cae0000,0x000000000cbe0000)]
=>0x000000000a775000 JavaThread "JavaFX Application Thread" [_thread_in_native, id=7320, stack(0x000000000b050000,0x000000000b150000)]
  0x000000000a73b000 JavaThread "Disposer" daemon [_thread_blocked, id=3356, stack(0x000000000af50000,0x000000000b050000)]
  0x000000000a645800 JavaThread "QuantumRenderer-0" daemon [_thread_blocked, id=4908, stack(0x000000000ab30000,0x000000000ac30000)]
  0x0000000008cb3800 JavaThread "JavaFX-Launcher" [_thread_blocked, id=7752, stack(0x000000000aa30000,0x000000000ab30000)]
  0x0000000008c90800 JavaThread "Service Thread" daemon [_thread_blocked, id=7892, stack(0x000000000a430000,0x000000000a530000)]
  0x0000000008c84800 JavaThread "C2 CompilerThread1" daemon [_thread_blocked, id=3888, stack(0x000000000a330000,0x000000000a430000)]
  0x0000000008c7f800 JavaThread "C2 CompilerThread0" daemon [_thread_blocked, id=8048, stack(0x000000000a230000,0x000000000a330000)]
  0x0000000008c7e800 JavaThread "Attach Listener" daemon [_thread_blocked, id=2820, stack(0x000000000a130000,0x000000000a230000)]
  0x0000000008c7b000 JavaThread "Signal Dispatcher" daemon [_thread_blocked, id=6916, stack(0x000000000a030000,0x000000000a130000)]
  0x0000000008c15800 JavaThread "Finalizer" daemon [_thread_blocked, id=4628, stack(0x0000000009f30000,0x000000000a030000)]
  0x0000000008c0d000 JavaThread "Reference Handler" daemon [_thread_blocked, id=7296, stack(0x0000000009e30000,0x0000000009f30000)]
  0x000000000278e000 JavaThread "main" [_thread_blocked, id=6840, stack(0x0000000002660000,0x0000000002760000)]

Other Threads:
  0x0000000008c05800 VMThread [stack: 0x0000000009d30000,0x0000000009e30000] [id=3248]
  0x0000000008ca9000 WatcherThread [stack: 0x000000000a530000,0x000000000a630000] [id=1184]

VM state:not at safepoint (normal execution)

VM Mutex/Monitor currently owned by a thread: None

Heap
 PSYoungGen      total 108096K, used 6236K [0x00000000eb2b0000, 0x00000000f6030000, 0x0000000100000000)
  eden space 102528K, 0% used [0x00000000eb2b0000,0x00000000eb35bda0,0x00000000f16d0000)
  from space 5568K, 99% used [0x00000000f16d0000,0x00000000f1c3b600,0x00000000f1c40000)
  to   space 6784K, 0% used [0x00000000f5990000,0x00000000f5990000,0x00000000f6030000)
 ParOldGen       total 42624K, used 6584K [0x00000000c1800000, 0x00000000c41a0000, 0x00000000eb2b0000)
  object space 42624K, 15% used [0x00000000c1800000,0x00000000c1e6e2d8,0x00000000c41a0000)
 PSPermGen       total 21824K, used 21657K [0x00000000bc600000, 0x00000000bdb50000, 0x00000000c1800000)
  object space 21824K, 99% used [0x00000000bc600000,0x00000000bdb267f0,0x00000000bdb50000)

Card table byte_map: [0x0000000005950000,0x0000000005b70000] byte_map_base: 0x000000000536d000

Polling page: 0x00000000025c0000

Code Cache  [0x0000000002890000, 0x0000000002b00000, 0x0000000005890000)
 total_blobs=1244 nmethods=615 adapters=579 free_code_cache=47252Kb largest_free_block=48339520

Compilation events (10 events):
Event: 25.749 Thread 0x0000000008c7f800  642             com.sun.prism.impl.BaseGraphics::isDepthBuffer (5 bytes)
Event: 25.750 Thread 0x0000000008c7f800 nmethod 642 0x0000000002a6fbd0 code [0x0000000002a6fd00, 0x0000000002a6fd58]
Event: 26.406 Thread 0x0000000008c84800  643             com.sun.webpane.sg.prism.WCGraphicsPrismContext$ContextState::getClipNoClone (5 bytes)
Event: 26.406 Thread 0x0000000008c84800 nmethod 643 0x0000000002a6f9d0 code [0x0000000002a6fb00, 0x0000000002a6fb58]
Event: 26.409 Thread 0x0000000008c7f800  644             com.sun.javafx.geom.RectBounds::getHeight (10 bytes)
Event: 26.410 Thread 0x0000000008c84800  645             com.sun.javafx.geom.RectBounds::getWidth (10 bytes)
Event: 26.411 Thread 0x0000000008c7f800 nmethod 644 0x0000000002a6f7d0 code [0x0000000002a6f900, 0x0000000002a6f958]
Event: 26.411 Thread 0x0000000008c84800 nmethod 645 0x0000000002a6f5d0 code [0x0000000002a6f700, 0x0000000002a6f758]
Event: 27.904 Thread 0x0000000008c84800  646             com.google.gson.stream.JsonReader::nextValue (118 bytes)
Event: 27.928 Thread 0x0000000008c84800 nmethod 646 0x0000000002a68f10 code [0x0000000002a690e0, 0x0000000002a697e0]

GC Heap History (10 events):
Event: 3.054 GC heap before
{Heap before GC invocations=7 (full 0):
 PSYoungGen      total 36928K, used 34728K [0x00000000eb2b0000, 0x00000000edbd0000, 0x0000000100000000)
  eden space 32128K, 99% used [0x00000000eb2b0000,0x00000000ed1f6de8,0x00000000ed210000)
  from space 4800K, 56% used [0x00000000ed720000,0x00000000ed9c33c8,0x00000000edbd0000)
  to   space 4992K, 0% used [0x00000000ed210000,0x00000000ed210000,0x00000000ed6f0000)
 ParOldGen       total 42624K, used 3230K [0x00000000c1800000, 0x00000000c41a0000, 0x00000000eb2b0000)
  object space 42624K, 7% used [0x00000000c1800000,0x00000000c1b278e0,0x00000000c41a0000)
 PSPermGen       total 21248K, used 17881K [0x00000000bc600000, 0x00000000bdac0000, 0x00000000c1800000)
  object space 21248K, 84% used [0x00000000bc600000,0x00000000bd776780,0x00000000bdac0000)
Event: 3.061 GC heap after
Heap after GC invocations=7 (full 0):
 PSYoungGen      total 37120K, used 650K [0x00000000eb2b0000, 0x00000000efbd0000, 0x0000000100000000)
  eden space 32128K, 0% used [0x00000000eb2b0000,0x00000000eb2b0000,0x00000000ed210000)
  from space 4992K, 13% used [0x00000000ed210000,0x00000000ed2b2878,0x00000000ed6f0000)
  to   space 5312K, 0% used [0x00000000ef6a0000,0x00000000ef6a0000,0x00000000efbd0000)
 ParOldGen       total 42624K, used 5301K [0x00000000c1800000, 0x00000000c41a0000, 0x00000000eb2b0000)
  object space 42624K, 12% used [0x00000000c1800000,0x00000000c1d2d548,0x00000000c41a0000)
 PSPermGen       total 21248K, used 17881K [0x00000000bc600000, 0x00000000bdac0000, 0x00000000c1800000)
  object space 21248K, 84% used [0x00000000bc600000,0x00000000bd776780,0x00000000bdac0000)
}
Event: 3.072 GC heap before
{Heap before GC invocations=8 (full 0):
 PSYoungGen      total 37120K, used 32744K [0x00000000eb2b0000, 0x00000000efbd0000, 0x0000000100000000)
  eden space 32128K, 99% used [0x00000000eb2b0000,0x00000000ed2079d8,0x00000000ed210000)
  from space 4992K, 13% used [0x00000000ed210000,0x00000000ed2b2878,0x00000000ed6f0000)
  to   space 5312K, 0% used [0x00000000ef6a0000,0x00000000ef6a0000,0x00000000efbd0000)
 ParOldGen       total 42624K, used 5301K [0x00000000c1800000, 0x00000000c41a0000, 0x00000000eb2b0000)
  object space 42624K, 12% used [0x00000000c1800000,0x00000000c1d2d548,0x00000000c41a0000)
 PSPermGen       total 21248K, used 17881K [0x00000000bc600000, 0x00000000bdac0000, 0x00000000c1800000)
  object space 21248K, 84% used [0x00000000bc600000,0x00000000bd776780,0x00000000bdac0000)
Event: 3.073 GC heap after
Heap after GC invocations=8 (full 0):
 PSYoungGen      total 69376K, used 125K [0x00000000eb2b0000, 0x00000000efc30000, 0x0000000100000000)
  eden space 64064K, 0% used [0x00000000eb2b0000,0x00000000eb2b0000,0x00000000ef140000)
  from space 5312K, 2% used [0x00000000ef6a0000,0x00000000ef6bf618,0x00000000efbd0000)
  to   space 5504K, 0% used [0x00000000ef140000,0x00000000ef140000,0x00000000ef6a0000)
 ParOldGen       total 42624K, used 5805K [0x00000000c1800000, 0x00000000c41a0000, 0x00000000eb2b0000)
  object space 42624K, 13% used [0x00000000c1800000,0x00000000c1dab510,0x00000000c41a0000)
 PSPermGen       total 21248K, used 17881K [0x00000000bc600000, 0x00000000bdac0000, 0x00000000c1800000)
  object space 21248K, 84% used [0x00000000bc600000,0x00000000bd776780,0x00000000bdac0000)
}
Event: 3.109 GC heap before
{Heap before GC invocations=9 (full 0):
 PSYoungGen      total 69376K, used 64094K [0x00000000eb2b0000, 0x00000000efc30000, 0x0000000100000000)
  eden space 64064K, 99% used [0x00000000eb2b0000,0x00000000ef128428,0x00000000ef140000)
  from space 5312K, 2% used [0x00000000ef6a0000,0x00000000ef6bf618,0x00000000efbd0000)
  to   space 5504K, 0% used [0x00000000ef140000,0x00000000ef140000,0x00000000ef6a0000)
 ParOldGen       total 42624K, used 5805K [0x00000000c1800000, 0x00000000c41a0000, 0x00000000eb2b0000)
  object space 42624K, 13% used [0x00000000c1800000,0x00000000c1dab510,0x00000000c41a0000)
 PSPermGen       total 21248K, used 17881K [0x00000000bc600000, 0x00000000bdac0000, 0x00000000c1800000)
  object space 21248K, 84% used [0x00000000bc600000,0x00000000bd776780,0x00000000bdac0000)
Event: 3.110 GC heap after
Heap after GC invocations=9 (full 0):
 PSYoungGen      total 69568K, used 314K [0x00000000eb2b0000, 0x00000000f21b0000, 0x0000000100000000)
  eden space 64064K, 0% used [0x00000000eb2b0000,0x00000000eb2b0000,0x00000000ef140000)
  from space 5504K, 5% used [0x00000000ef140000,0x00000000ef18ea70,0x00000000ef6a0000)
  to   space 5568K, 0% used [0x00000000f1c40000,0x00000000f1c40000,0x00000000f21b0000)
 ParOldGen       total 42624K, used 5805K [0x00000000c1800000, 0x00000000c41a0000, 0x00000000eb2b0000)
  object space 42624K, 13% used [0x00000000c1800000,0x00000000c1dab510,0x00000000c41a0000)
 PSPermGen       total 21248K, used 17881K [0x00000000bc600000, 0x00000000bdac0000, 0x00000000c1800000)
  object space 21248K, 84% used [0x00000000bc600000,0x00000000bd776780,0x00000000bdac0000)
}
Event: 3.131 GC heap before
{Heap before GC invocations=10 (full 0):
 PSYoungGen      total 69568K, used 64365K [0x00000000eb2b0000, 0x00000000f21b0000, 0x0000000100000000)
  eden space 64064K, 99% used [0x00000000eb2b0000,0x00000000ef13ccf0,0x00000000ef140000)
  from space 5504K, 5% used [0x00000000ef140000,0x00000000ef18ea70,0x00000000ef6a0000)
  to   space 5568K, 0% used [0x00000000f1c40000,0x00000000f1c40000,0x00000000f21b0000)
 ParOldGen       total 42624K, used 5805K [0x00000000c1800000, 0x00000000c41a0000, 0x00000000eb2b0000)
  object space 42624K, 13% used [0x00000000c1800000,0x00000000c1dab510,0x00000000c41a0000)
 PSPermGen       total 21248K, used 17881K [0x00000000bc600000, 0x00000000bdac0000, 0x00000000c1800000)
  object space 21248K, 84% used [0x00000000bc600000,0x00000000bd776780,0x00000000bdac0000)
Event: 3.132 GC heap after
Heap after GC invocations=10 (full 0):
 PSYoungGen      total 108096K, used 367K [0x00000000eb2b0000, 0x00000000f21b0000, 0x0000000100000000)
  eden space 102528K, 0% used [0x00000000eb2b0000,0x00000000eb2b0000,0x00000000f16d0000)
  from space 5568K, 6% used [0x00000000f1c40000,0x00000000f1c9bd60,0x00000000f21b0000)
  to   space 5568K, 0% used [0x00000000f16d0000,0x00000000f16d0000,0x00000000f1c40000)
 ParOldGen       total 42624K, used 5805K [0x00000000c1800000, 0x00000000c41a0000, 0x00000000eb2b0000)
  object space 42624K, 13% used [0x00000000c1800000,0x00000000c1dab510,0x00000000c41a0000)
 PSPermGen       total 21248K, used 17881K [0x00000000bc600000, 0x00000000bdac0000, 0x00000000c1800000)
  object space 21248K, 84% used [0x00000000bc600000,0x00000000bd776780,0x00000000bdac0000)
}
Event: 27.436 GC heap before
{Heap before GC invocations=11 (full 0):
 PSYoungGen      total 108096K, used 102895K [0x00000000eb2b0000, 0x00000000f21b0000, 0x0000000100000000)
  eden space 102528K, 100% used [0x00000000eb2b0000,0x00000000f16d0000,0x00000000f16d0000)
  from space 5568K, 6% used [0x00000000f1c40000,0x00000000f1c9bd60,0x00000000f21b0000)
  to   space 5568K, 0% used [0x00000000f16d0000,0x00000000f16d0000,0x00000000f1c40000)
 ParOldGen       total 42624K, used 5805K [0x00000000c1800000, 0x00000000c41a0000, 0x00000000eb2b0000)
  object space 42624K, 13% used [0x00000000c1800000,0x00000000c1dab510,0x00000000c41a0000)
 PSPermGen       total 21824K, used 21656K [0x00000000bc600000, 0x00000000bdb50000, 0x00000000c1800000)
  object space 21824K, 99% used [0x00000000bc600000,0x00000000bdb26368,0x00000000bdb50000)
Event: 27.453 GC heap after
Heap after GC invocations=11 (full 0):
 PSYoungGen      total 108096K, used 5549K [0x00000000eb2b0000, 0x00000000f6030000, 0x0000000100000000)
  eden space 102528K, 0% used [0x00000000eb2b0000,0x00000000eb2b0000,0x00000000f16d0000)
  from space 5568K, 99% used [0x00000000f16d0000,0x00000000f1c3b600,0x00000000f1c40000)
  to   space 6784K, 0% used [0x00000000f5990000,0x00000000f5990000,0x00000000f6030000)
 ParOldGen       total 42624K, used 6584K [0x00000000c1800000, 0x00000000c41a0000, 0x00000000eb2b0000)
  object space 42624K, 15% used [0x00000000c1800000,0x00000000c1e6e2d8,0x00000000c41a0000)
 PSPermGen       total 21824K, used 21656K [0x00000000bc600000, 0x00000000bdb50000, 0x00000000c1800000)
  object space 21824K, 99% used [0x00000000bc600000,0x00000000bdb26368,0x00000000bdb50000)
}

Deoptimization events (10 events):
Event: 15.092 Thread 0x000000000a775000 Uncommon trap -34 fr.pc 0x0000000002984624
Event: 16.318 Thread 0x000000000a775000 Uncommon trap -34 fr.pc 0x0000000002984624
Event: 19.237 Thread 0x000000000a775000 Uncommon trap -12 fr.pc 0x000000000291a220
Event: 19.277 Thread 0x000000000cf63000 Uncommon trap -42 fr.pc 0x0000000002a2c890
Event: 19.288 Thread 0x000000000cf63000 Uncommon trap -42 fr.pc 0x0000000002a2c890
Event: 19.288 Thread 0x000000000cf63000 Uncommon trap -42 fr.pc 0x0000000002a2c890
Event: 19.288 Thread 0x000000000cf63000 Uncommon trap -42 fr.pc 0x0000000002a2c890
Event: 27.412 Thread 0x000000000a775000 Uncommon trap -83 fr.pc 0x0000000002a3c98c
Event: 27.453 Thread 0x000000000a645800 Uncommon trap -83 fr.pc 0x0000000002a12684
Event: 28.033 Thread 0x000000000a775000 Uncommon trap -83 fr.pc 0x00000000029436cc

Internal exceptions (10 events):
Event: 12.610 Thread 0x000000000a775000 Threw 0x00000000ef81b390 at C:\jdk7u2_64p\jdk7u17\hotspot\src\share\vm\prims\jvm.cpp:1166
Event: 12.612 Thread 0x000000000a775000 Threw 0x00000000ef81ee70 at C:\jdk7u2_64p\jdk7u17\hotspot\src\share\vm\prims\jvm.cpp:1166
Event: 12.616 Thread 0x000000000a775000 Threw 0x00000000ef828090 at C:\jdk7u2_64p\jdk7u17\hotspot\src\share\vm\prims\jvm.cpp:1166
Event: 12.618 Thread 0x000000000a775000 Threw 0x00000000ef82c990 at C:\jdk7u2_64p\jdk7u17\hotspot\src\share\vm\prims\jvm.cpp:1166
Event: 12.621 Thread 0x000000000a775000 Threw 0x00000000ef832098 at C:\jdk7u2_64p\jdk7u17\hotspot\src\share\vm\prims\jvm.cpp:1166
Event: 12.622 Thread 0x000000000a775000 Threw 0x00000000ef8354f0 at C:\jdk7u2_64p\jdk7u17\hotspot\src\share\vm\prims\jvm.cpp:1166
Event: 12.976 Thread 0x000000000a775000 Threw 0x00000000ef83cac8 at C:\jdk7u2_64p\jdk7u17\hotspot\src\share\vm\prims\jvm.cpp:1166
Event: 13.691 Thread 0x000000000a645800 Threw 0x00000000ef748dd8 at C:\jdk7u2_64p\jdk7u17\hotspot\src\share\vm\prims\jvm.cpp:1166
Event: 13.693 Thread 0x000000000a645800 Threw 0x00000000ef750648 at C:\jdk7u2_64p\jdk7u17\hotspot\src\share\vm\prims\jvm.cpp:1166
Event: 19.237 Thread 0x000000000a775000 Implicit null exception at 0x0000000002919f0f to 0x000000000291a215

Events (10 events):
Event: 27.459 Executing VM operation: RevokeBias
Event: 27.459 Executing VM operation: RevokeBias done
Event: 27.460 Executing VM operation: RevokeBias
Event: 27.460 Executing VM operation: RevokeBias done
Event: 27.460 Executing VM operation: RevokeBias
Event: 27.460 Executing VM operation: RevokeBias done
Event: 27.460 Executing VM operation: BulkRevokeBias
Event: 27.460 Executing VM operation: BulkRevokeBias done
Event: 28.033 Thread 0x000000000a775000 DEOPT PACKING pc=0x00000000029436cc sp=0x000000000b14aea0
Event: 28.033 Thread 0x000000000a775000 DEOPT UNPACKING pc=0x00000000028c9164 sp=0x000000000b14ada0 mode 2


Dynamic libraries:
0x000007f745c80000 - 0x000007f745cb3000 	C:\Program Files\Java\jre7\bin\javaw.exe
0x000007fc4ec60000 - 0x000007fc4ee1e000 	C:\Windows\SYSTEM32\ntdll.dll
0x000007fc4dd00000 - 0x000007fc4de36000 	C:\Windows\system32\KERNEL32.DLL
0x000007fc4bf20000 - 0x000007fc4c013000 	C:\Windows\system32\KERNELBASE.dll
0x000007fc4c2a0000 - 0x000007fc4c37e000 	C:\Windows\system32\ADVAPI32.dll
0x000007fc4eb10000 - 0x000007fc4ec5c000 	C:\Windows\system32\USER32.dll
0x000007fc49600000 - 0x000007fc49869000 	C:\Windows\WinSxS\amd64_microsoft.windows.common-controls_6595b64144ccf1df_6.0.9200.16384_none_418c2a697189c07f\COMCTL32.dll
0x000007fc4db90000 - 0x000007fc4dc35000 	C:\Windows\system32\msvcrt.dll
0x000007fc4eac0000 - 0x000007fc4eb08000 	C:\Windows\SYSTEM32\sechost.dll
0x000007fc4e730000 - 0x000007fc4e870000 	C:\Windows\system32\RPCRT4.dll
0x000007fc4c160000 - 0x000007fc4c2a0000 	C:\Windows\system32\GDI32.dll
0x000007fc4de40000 - 0x000007fc4de79000 	C:\Windows\system32\IMM32.DLL
0x000007fc4e2d0000 - 0x000007fc4e3e5000 	C:\Windows\system32\MSCTF.dll
0x0000000066110000 - 0x00000000661e1000 	C:\Program Files\Java\jre7\bin\msvcr100.dll
0x00000000659f0000 - 0x000000006610f000 	C:\Program Files\Java\jre7\bin\server\jvm.dll
0x000007fc480d0000 - 0x000007fc480d9000 	C:\Windows\SYSTEM32\WSOCK32.dll
0x000007fc48d40000 - 0x000007fc48d60000 	C:\Windows\SYSTEM32\WINMM.dll
0x000007fc4c0f0000 - 0x000007fc4c0f7000 	C:\Windows\system32\PSAPI.DLL
0x000007fc4c100000 - 0x000007fc4c158000 	C:\Windows\system32\WS2_32.dll
0x000007fc48d00000 - 0x000007fc48d32000 	C:\Windows\SYSTEM32\WINMMBASE.dll
0x000007fc4d6c0000 - 0x000007fc4d6c9000 	C:\Windows\system32\NSI.dll
0x00000000659e0000 - 0x00000000659ef000 	C:\Program Files\Java\jre7\bin\verify.dll
0x00000000659b0000 - 0x00000000659d8000 	C:\Program Files\Java\jre7\bin\java.dll
0x0000000065990000 - 0x00000000659a5000 	C:\Program Files\Java\jre7\bin\zip.dll
0x0000000065910000 - 0x000000006591f000 	C:\Program Files\Java\jre7\bin\prism-d3d.dll
0x000007fc40cb0000 - 0x000007fc40eb0000 	C:\Windows\system32\d3d9.dll
0x000007fc48df0000 - 0x000007fc48df9000 	C:\Windows\SYSTEM32\VERSION.dll
0x000007fc49d20000 - 0x000007fc49d41000 	C:\Windows\SYSTEM32\dwmapi.dll
0x000007fc4a9c0000 - 0x000007fc4aaa6000 	C:\Windows\system32\uxtheme.dll
0x000007fc325d0000 - 0x000007fc32dcd000 	C:\Windows\SYSTEM32\igdumd64.dll
0x00000000658d0000 - 0x0000000065902000 	C:\Program Files\Java\jre7\bin\glass.dll
0x000007fc4dc50000 - 0x000007fc4dcf1000 	C:\Windows\system32\COMDLG32.dll
0x000007fc4e3f0000 - 0x000007fc4e56e000 	C:\Windows\system32\ole32.dll
0x000007fc4e200000 - 0x000007fc4e2c3000 	C:\Windows\system32\OLEAUT32.dll
0x000007fc4e870000 - 0x000007fc4e8c0000 	C:\Windows\system32\SHLWAPI.dll
0x000007fc4c380000 - 0x000007fc4d660000 	C:\Windows\system32\SHELL32.dll
0x000007fc4e050000 - 0x000007fc4e200000 	C:\Windows\SYSTEM32\combase.dll
0x000007fc49fe0000 - 0x000007fc4a076000 	C:\Windows\SYSTEM32\SHCORE.DLL
0x000007fc3bdd0000 - 0x000007fc3be65000 	C:\Program Files\Common Files\microsoft shared\ink\tiptsf.dll
0x000007fc4bb10000 - 0x000007fc4bb1a000 	C:\Windows\SYSTEM32\CRYPTBASE.dll
0x000007fc4b910000 - 0x000007fc4b96c000 	C:\Windows\SYSTEM32\bcryptPrimitives.dll
0x000007fc4e8c0000 - 0x000007fc4e956000 	C:\Windows\SYSTEM32\clbcatq.dll
0x000007fc49ac0000 - 0x000007fc49c53000 	C:\Windows\SYSTEM32\WindowsCodecs.dll
0x000007fc4bb30000 - 0x000007fc4bb45000 	C:\Windows\SYSTEM32\profapi.dll
0x000007fc44780000 - 0x000007fc447ae000 	C:\Program Files\Common Files\Microsoft Shared\Ink\rtscom.dll
0x0000000065880000 - 0x00000000658cf000 	C:\Program Files\Java\jre7\bin\javafx-font.dll
0x00000000657e0000 - 0x0000000065872000 	C:\Program Files\Java\jre7\bin\libxml2.dll
0x00000000657a0000 - 0x00000000657d3000 	C:\Program Files\Java\jre7\bin\libxslt.dll
0x0000000064960000 - 0x0000000065797000 	C:\Program Files\Java\jre7\bin\jfxwebkit.dll
0x0000000065970000 - 0x0000000065989000 	C:\Program Files\Java\jre7\bin\net.dll
0x000007fc4b380000 - 0x000007fc4b3dc000 	C:\Windows\system32\mswsock.dll
0x0000000065950000 - 0x0000000065961000 	C:\Program Files\Java\jre7\bin\nio.dll
0x0000000065920000 - 0x0000000065944000 	C:\Program Files\Java\jre7\bin\sunec.dll
0x000007fc42b80000 - 0x000007fc42b94000 	C:\Windows\system32\napinsp.dll
0x000007fc42ba0000 - 0x000007fc42bb8000 	C:\Windows\system32\pnrpnsp.dll
0x000007fc49cc0000 - 0x000007fc49cd6000 	C:\Windows\system32\NLAapi.dll
0x000007fc4b1c0000 - 0x000007fc4b258000 	C:\Windows\SYSTEM32\DNSAPI.dll
0x000007fc42bc0000 - 0x000007fc42bd2000 	C:\Windows\System32\winrnr.dll
0x000007fc42c20000 - 0x000007fc42c34000 	C:\Windows\system32\wshbth.dll
0x000007fc42c40000 - 0x000007fc42c48000 	C:\Windows\System32\rasadhlp.dll
0x000007fc47520000 - 0x000007fc4754a000 	C:\Windows\SYSTEM32\IPHLPAPI.DLL
0x000007fc47430000 - 0x000007fc4743a000 	C:\Windows\SYSTEM32\WINNSI.DLL
0x000007fc46b00000 - 0x000007fc46b5f000 	C:\Windows\System32\fwpuclnt.dll
0x000007fc4b3e0000 - 0x000007fc4b3fa000 	C:\Windows\SYSTEM32\CRYPTSP.dll
0x000007fc4b060000 - 0x000007fc4b0a9000 	C:\Windows\system32\rsaenh.dll
0x0000000064950000 - 0x000000006495b000 	C:\Program Files\Java\jre7\bin\sunmscapi.dll
0x000007fc4bc60000 - 0x000007fc4be37000 	C:\Windows\system32\CRYPT32.dll
0x000007fc4bbe0000 - 0x000007fc4bbf6000 	C:\Windows\system32\MSASN1.dll
0x000007fc4b160000 - 0x000007fc4b17f000 	C:\Windows\SYSTEM32\USERENV.dll
0x0000000064910000 - 0x000000006494a000 	C:\Program Files\Java\jre7\bin\javafx-iio.dll
0x000007fc49870000 - 0x000007fc499d3000 	C:\Windows\SYSTEM32\dbghelp.dll

VM Arguments:
jvm_args: -Dfile.encoding=UTF-8 
java_command: org.tweet_tea.gui.Landpage
Launcher Type: SUN_STANDARD

Environment Variables:
PATH=C:\oraclexe\app\oracle\product\11.2.0\server\bin;C:\Program Files (x86)\Intel\iCLS Client\;C:\Program Files\Intel\iCLS Client\;C:\Windows\system32;C:\Windows;C:\Windows\System32\Wbem;C:\Windows\System32\WindowsPowerShell\v1.0\;C:\Program Files (x86)\Windows Live\Shared;C:\Program Files (x86)\Intel\OpenCL SDK\2.0\bin\x86;C:\Program Files (x86)\Intel\OpenCL SDK\2.0\bin\x64;C:\Program Files\Intel\Intel(R) Management Engine Components\DAL;C:\Program Files\Intel\Intel(R) Management Engine Components\IPT;C:\Program Files (x86)\Intel\Intel(R) Management Engine Components\DAL;C:\Program Files (x86)\Intel\Intel(R) Management Engine Components\IPT;C:\Program Files (x86)\Windows Kits\8.0\Windows Performance Toolkit\;C:\Program Files (x86)\PuTTY;C:\wamp\bin\php\php5.3.13\;C:\Program Files\Oracle\VirtualBox;C:\Program Files (x86)\Nmap;C:\Program Files (x86)\iis express\PHP\v5.4;C:\Program Files (x86)\Microsoft ASP.NET\ASP.NET Web Pages\v1.0\;C:\Program Files\Microsoft SQL Server\110\Tools\Binn\;C:\Program Files (x86)\nodejs\;C:\Users\Geoffrey\AppData\Local\Android\android-sdk\platform-tools;C:\Users\Geoffrey\AppData\Local\Android\android-sdk\tools;C:\Users\Geoffrey\Documents\cordova-android\apache-ant-1.8.4\bin;C:\Program Files\Java\jdk1.7.0_17\bin;C:\Program Files (x86)\Nmap;C:\Users\Geoffrey\AppData\Roaming\npm\;C:\Chocolatey\bin;
USERNAME=Geoffrey
OS=Windows_NT
PROCESSOR_IDENTIFIER=Intel64 Family 6 Model 58 Stepping 9, GenuineIntel



---------------  S Y S T E M  ---------------

OS: Windows 8 , 64 bit Build 9200 

CPU:total 4 (2 cores per cpu, 2 threads per core) family 6 model 58 stepping 9, cmov, cx8, fxsr, mmx, sse, sse2, sse3, ssse3, sse4.1, sse4.2, popcnt, avx, ht, tsc, tscinvbit, tscinv

Memory: 4k page, physical 4088088k(1073696k free), swap 8282392k(4452920k free)

vm_info: Java HotSpot(TM) 64-Bit Server VM (23.7-b01) for windows-amd64 JRE (1.7.0_17-b02), built on Mar  1 2013 03:38:30 by "java_re" with unknown MS VC++:1600

time: Thu May 16 18:53:05 2013
elapsed time: 28 seconds

